2021/02/20 14:37:54 server is listening port 8181
2021/02/20 14:56:07  Error while dropping table number 1. Error is: pq: удалить объект таблица courses нельзя, так как от него зависят другие объекты
2021/02/20 15:08:38  Error while dropping table number 1. Error is: pq: удалить объект таблица courses нельзя, так как от него зависят другие объекты
2021/02/20 15:09:11  Error while dropping table number 1. Error is: pq: удалить объект таблица courses нельзя, так как от него зависят другие объекты
2021/02/20 15:10:02  Error while dropping table number 1. Error is: pq: удалить объект таблица courses нельзя, так как от него зависят другие объекты
2021/02/20 15:10:25  Error while dropping table number 1. Error is: pq: удалить объект таблица courses нельзя, так как от него зависят другие объекты
2021/02/20 15:14:07  Error while dropping table number 1. Error is: pq: удалить объект таблица courses нельзя, так как от него зависят другие объекты
2021/02/20 15:15:37  Error while dropping table number 6. Error is: pq: удалить объект таблица courses нельзя, так как от него зависят другие объекты
2021/02/20 15:17:52  Error while dropping table number 2. Error is: pq: удалить объект таблица courses нельзя, так как от него зависят другие объекты
2021/02/20 15:18:52  Error while dropping table number 2. Error is: pq: удалить объект таблица courses нельзя, так как от него зависят другие объекты
2021/02/20 15:19:44  Error while dropping table number 7. Error is: pq: удалить объект таблица courses нельзя, так как от него зависят другие объекты
2021/02/20 15:20:44 server is listening port 8181
2021/02/20 15:21:13 server is listening port 8181
2021/02/20 15:21:33 server is listening port 8181
2021/02/20 15:21:51 server is listening port 8181
2021/02/20 15:31:57 pq: INSERT или UPDATE в таблице "users" нарушает ограничение внешнего ключа "users_course_id_fkey"%!(EXTRA string=)
2021/02/20 15:32:02 token is expired by 10h6m7s%!(EXTRA string=)
2021/02/20 15:33:05 sql: no rows in result set%!(EXTRA string=)
2021/02/20 15:40:56 server is listening port 8181
2021/02/20 15:41:06 server is listening port 8181
2021/02/20 16:12:13 server is listening port 8181
2021/02/20 16:12:31  Error while creating table number 6. Error is: pq: ошибка синтаксиса (примерное положение: "(")
2021/02/20 16:12:55 server is listening port 8181
2021/02/20 16:13:36 pq: INSERT или UPDATE в таблице "users" нарушает ограничение внешнего ключа "users_course_id_fkey"%!(EXTRA string=)
2021/02/20 16:13:51 pq: повторяющееся значение ключа нарушает ограничение уникальности "users_email_course_id_key"%!(EXTRA string=)
2021/02/20 16:14:24 pq: повторяющееся значение ключа нарушает ограничение уникальности "users_email_course_id_key"%!(EXTRA string=)
2021/02/20 16:21:21  Error while creating table number 6. Error is: pq: ошибка синтаксиса (примерное положение: "ON")
2021/02/20 16:23:43 server is listening port 8181
2021/02/20 16:24:19 pq: повторяющееся значение ключа нарушает ограничение уникальности "users_email_course_id_key"%!(EXTRA string=)
2021/02/20 16:24:19 pq: повторяющееся значение ключа нарушает ограничение уникальности "users_email_course_id_key"%!(EXTRA string=)
2021/02/20 16:31:25 pq: повторяющееся значение ключа нарушает ограничение уникальности "users_email_course_id_key"%!(EXTRA string=)
2021/02/20 16:31:36 pq: INSERT или UPDATE в таблице "users" нарушает ограничение внешнего ключа "users_course_id_fkey"%!(EXTRA string=)
2021/02/20 16:34:17 server is listening port 8181
2021/02/20 16:34:21 empty auth header%!(EXTRA string=)
2021/02/20 16:35:14 token is expired by 11h9m19s%!(EXTRA string=)
2021/02/20 17:01:24 server is listening port 8181
2021/02/22 14:31:52 server is listening port 8181
2021/02/22 14:34:51 token is expired by 82h14m28s%!(EXTRA string=)
2021/02/22 15:03:26 server is listening port 8181
2021/02/22 15:07:02 server is listening port 8181
2021/02/22 15:08:09 token is expired by 35h26m16s%!(EXTRA string=)
2021/02/22 15:09:04 server is listening port 8181
2021/02/22 15:10:40 server is listening port 8181
2021/02/22 15:16:31 server is listening port 8181
2021/02/22 15:16:57 pq: повторяющееся значение ключа нарушает ограничение уникальности "users_email_course_id_key"%!(EXTRA string=)
2021/02/22 15:47:04 server is listening port 8181
2021/02/22 16:26:24 server is listening port 8181
2021/02/22 16:35:30 Error while receiving multipart form. error is http: no such file
2021/02/22 16:35:30 http: no such file%!(EXTRA string=)
2021/02/22 16:35:34 Error while receiving multipart form. error is http: no such file
2021/02/22 16:35:34 http: no such file%!(EXTRA string=)
2021/02/22 16:35:35 Error while receiving multipart form. error is http: no such file
2021/02/22 16:35:35 http: no such file%!(EXTRA string=)
2021/02/22 18:47:53 server is listening port 8181
2021/02/22 19:56:59 EOF%!(EXTRA string=)
2021/02/22 19:56:59 EOF
2021/02/22 19:57:20 EOF%!(EXTRA string=)
2021/02/22 19:57:20 EOF
2021/02/22 19:58:01 server is listening port 8181
2021/02/22 19:59:58 EOF%!(EXTRA string=)
2021/02/22 19:59:58 EOF
2021/02/22 20:00:19 EOF%!(EXTRA string=)
2021/02/22 20:00:19 EOF
2021/02/22 20:00:42 server is listening port 8181
2021/02/23 09:43:59 server is listening port 8181
2021/02/23 09:45:20 token is expired by 78h45m21s%!(EXTRA string=)
2021/02/23 09:56:03 main_json [{"status":true,"title":"Заголовок для новостей","short_desc":"","full_desc":"Lorem ipsum dolor sit amet consectetur adipisicing elit. Nobis vel inventore dolor officiis delectus, consequatur praesentium quia. Suscipit sunt dolor consectetur perspiciatis omnis exercitationem. Hic ex adipisci quis laborum cupiditate!","expire_at":"2021-02-24T10:00"}]
2021/02/23 09:56:03 json: cannot unmarshal string into Go struct field News.expire_at of type int64%!(EXTRA string=)
2021/02/23 09:56:03 json: cannot unmarshal string into Go struct field News.expire_at of type int64%!(EXTRA string=)
2021/02/23 09:57:38 main_json [{"status":true,"title":"a","short_desc":"","full_desc":"a","expire_at":""}]
2021/02/23 09:57:38 json: cannot unmarshal string into Go struct field News.expire_at of type int64%!(EXTRA string=)
2021/02/23 09:57:38 json: cannot unmarshal string into Go struct field News.expire_at of type int64%!(EXTRA string=)
2021/02/23 09:59:01 main_json [{"status":true,"title":"a","short_desc":"","full_desc":"a","expire_at":""}]
2021/02/23 09:59:01 json: cannot unmarshal string into Go struct field News.expire_at of type int64%!(EXTRA string=)
2021/02/23 09:59:01 json: cannot unmarshal string into Go struct field News.expire_at of type int64%!(EXTRA string=)
2021/02/23 09:59:47 main_json [{"status":true,"title":"a","short_desc":"","full_desc":"a","expire_at":""}]
2021/02/23 09:59:47 json: cannot unmarshal string into Go struct field News.expire_at of type int64%!(EXTRA string=)
2021/02/23 09:59:47 json: cannot unmarshal string into Go struct field News.expire_at of type int64%!(EXTRA string=)
2021/02/23 09:59:55 main_json [{"status":true,"title":"a","short_desc":"","full_desc":"a","expire_at":"2021-02-23T09:59"}]
2021/02/23 09:59:55 json: cannot unmarshal string into Go struct field News.expire_at of type int64%!(EXTRA string=)
2021/02/23 09:59:55 json: cannot unmarshal string into Go struct field News.expire_at of type int64%!(EXTRA string=)
2021/02/23 10:00:38 main_json [{"status":true,"title":"a","short_desc":"","full_desc":"a","expire_at":1614056438858}]
2021/02/23 10:07:10 json: cannot unmarshal string into Go struct field News.expire_at of type int64%!(EXTRA string=)
2021/02/23 10:51:24 json: cannot unmarshal string into Go struct field News.expire_at of type int64%!(EXTRA string=)
2021/02/23 10:53:20 main_json [{"status":true,"title":"Lorem ipsum dolor sit amet consectetur adipisicing elit.","short_desc":"Lorem ipsum dolor sit, amet consectetur adipisicing elit. Soluta, molestiae!","full_desc":"Lorem ipsum dolor sit, amet consectetur adipisicing elit. Soluta, molestiae!Lorem ipsum dolor sit, amet consectetur adipisicing elit. Soluta, molestiae!Lorem ipsum dolor sit, amet consectetur adipisicing elit. Soluta, molestiae!Lorem ipsum dolor sit, amet consectetur adipisicing elit. Soluta, molestiae!Lorem ipsum dolor sit, amet consectetur adipisicing elit. Soluta, molestiae!Lorem ipsum dolor sit, amet consectetur adipisicing elit. Soluta, molestiae!Lorem ipsum dolor sit, amet consectetur adipisicing elit. Soluta, molestiae!","expire_at":1614059599944}]
2021/02/23 13:18:14 EOF%!(EXTRA string=)
2021/02/23 13:18:14 EOF
2021/02/23 13:18:35 EOF%!(EXTRA string=)
2021/02/23 13:18:35 EOF
2021/02/23 16:34:47 server is listening port 8181
2021/02/23 16:34:49 pq: INSERT содержит больше выражений, чем целевых столбцов%!(EXTRA string=)
2021/02/23 16:39:55 server is listening port 8181
2021/02/23 16:40:47 pq: повторяющееся значение ключа нарушает ограничение уникальности "users_email_phone_course_id_key"%!(EXTRA string=)
2021/02/23 16:41:07 pq: повторяющееся значение ключа нарушает ограничение уникальности "users_email_phone_course_id_key"%!(EXTRA string=)
2021/02/23 17:10:48 server is listening port 8181
2021/02/23 17:12:41 invalid id param%!(EXTRA string=)
2021/02/23 17:13:47 strconv.Atoi: parsing "tel:+992999999999": invalid syntax%!(EXTRA string=)
2021/02/23 17:14:16 strconv.Atoi: parsing "tel:+992999999999": invalid syntax%!(EXTRA string=)
2021/02/23 17:14:22 strconv.Atoi: parsing "tel:+992999999999": invalid syntax%!(EXTRA string=)
2021/02/23 17:14:25 strconv.Atoi: parsing "tel:+992999999999": invalid syntax%!(EXTRA string=)
